<?xml version="1.0" encoding="UTF-8"?>
<!-- Generated by org.testng.reporters.JUnitReportReporter -->
<testsuite hostname="Ace-PC" name="com.toolsqa.framework.com.toolsqa.framework.tests.NewTestXML" tests="1" failures="0" timestamp="10 Sep 2015 19:21:45 GMT" time="0.198" errors="0">
  <testcase name="AssertStringEqualAndIdenticalToSelf" time="0.198" classname="com.toolsqa.framework.com.toolsqa.framework.tests.NewTestXML"/>
</testsuite> <!-- com.toolsqa.framework.com.toolsqa.framework.tests.NewTestXML -->
