<?xml version="1.0" encoding="UTF-8"?>
<!-- Generated by org.testng.reporters.JUnitReportReporter -->
<testsuite hostname="Ace-PC" name="com.toolsqa.framework.tests.TestNG_005" tests="1" failures="0" timestamp="27 Jun 2015 16:54:54 GMT" time="18.676" errors="0">
  <testcase name="grun" time="18.676" classname="com.toolsqa.framework.tests.TestNG_005"/>
</testsuite> <!-- com.toolsqa.framework.tests.TestNG_005 -->
