<?xml version="1.0" encoding="UTF-8"?>
<!-- Generated by org.testng.reporters.JUnitReportReporter -->
<testsuite hostname="Ace-PC" name="com.toolsqa.framework.tests.NewTest" tests="4" failures="0" timestamp="18 Jun 2015 22:12:54 GMT" time="0.016" errors="0">
  <testcase name="t2" time="0.016" classname="com.toolsqa.framework.tests.NewTest"/>
  <testcase name="t1" time="0.000" classname="com.toolsqa.framework.tests.NewTest"/>
  <testcase name="t1" time="0.000" classname="com.toolsqa.framework.tests.NewTest"/>
  <testcase name="t2" time="0.000" classname="com.toolsqa.framework.tests.NewTest"/>
</testsuite> <!-- com.toolsqa.framework.tests.NewTest -->
