<?xml version="1.0" encoding="UTF-8"?>
<!-- Generated by org.testng.reporters.JUnitReportReporter -->
<testsuite hostname="Ace-PC" name="com.toolsqa.framework.tests.TestNG_003" tests="4" failures="0" timestamp="17 Jun 2015 16:59:41 GMT" time="30.901" errors="0">
  <testcase name="validateDiscountText" time="0.000" classname="com.toolsqa.framework.tests.TestNG_003"/>
  <testcase name="run4" time="0.016" classname="com.toolsqa.framework.tests.TestNG_003"/>
  <testcase name="run1" time="30.884" classname="com.toolsqa.framework.tests.TestNG_003"/>
  <testcase name="run3" time="0.001" classname="com.toolsqa.framework.tests.TestNG_003"/>
</testsuite> <!-- com.toolsqa.framework.tests.TestNG_003 -->
