<?xml version="1.0" encoding="UTF-8"?>
<!-- Generated by org.testng.reporters.JUnitReportReporter -->
<testsuite hostname="Ace-PC" name="com.toolsqa.framework.xml.NewTestXML" tests="1" failures="0" timestamp="12 Oct 2015 22:32:16 GMT" time="0.140" errors="0">
  <testcase name="AssertStringEqualAndIdenticalToSelf" time="0.140" classname="com.toolsqa.framework.xml.NewTestXML"/>
</testsuite> <!-- com.toolsqa.framework.xml.NewTestXML -->
