<?xml version="1.0" encoding="UTF-8"?>
<!-- Generated by org.testng.reporters.JUnitReportReporter -->
<testsuite hostname="Ace-PC" name="com.toolsqa.framework.tests.TestNG_002" tests="1" failures="0" timestamp="12 Oct 2015 22:03:59 GMT" time="6.091" errors="0">
  <testcase name="run" time="6.091" classname="com.toolsqa.framework.tests.TestNG_002"/>
</testsuite> <!-- com.toolsqa.framework.tests.TestNG_002 -->
