<?xml version="1.0" encoding="UTF-8"?>
<!-- Generated by org.testng.reporters.JUnitReportReporter -->
<testsuite hostname="Ace-PC" name="com.toolsqa.framework.tests.GoogleSerchUsingFramework" tests="1" failures="0" timestamp="2 Jul 2015 16:27:32 GMT" time="12.037" errors="0">
  <testcase name="grun" time="12.037" classname="com.toolsqa.framework.tests.GoogleSerchUsingFramework"/>
</testsuite> <!-- com.toolsqa.framework.tests.GoogleSerchUsingFramework -->
