<?xml version="1.0" encoding="UTF-8"?>
<!-- Generated by org.testng.reporters.JUnitReportReporter -->
<testsuite hostname="Ace-PC" name="com.toolsqa.framework.xml.NewTestXML" tests="1" failures="0" timestamp="10 Sep 2015 19:52:14 GMT" time="0.168" errors="0">
  <testcase name="AssertStringEqualAndIdenticalToSelf" time="0.168" classname="com.toolsqa.framework.xml.NewTestXML"/>
</testsuite> <!-- com.toolsqa.framework.xml.NewTestXML -->
