<?xml version="1.0" encoding="UTF-8"?>
<!-- Generated by org.testng.reporters.JUnitReportReporter -->
<testsuite hostname="Ace-PC" name="com.toolsqa.framework.tests.TestNG_001" tests="1" failures="0" timestamp="12 Oct 2015 22:32:16 GMT" time="14.189" errors="0">
  <testcase name="testRun1" time="14.189" classname="com.toolsqa.framework.tests.TestNG_001"/>
</testsuite> <!-- com.toolsqa.framework.tests.TestNG_001 -->
