<?xml version="1.0" encoding="UTF-8"?>
<!-- Generated by org.testng.reporters.JUnitReportReporter -->
<testsuite hostname="Ace-PC" name="com.toolsqa.framework.tests.TestNG_001" tests="1" failures="0" timestamp="23 Jun 2015 05:27:49 GMT" time="175.994" errors="0">
  <testcase name="testRun1" time="175.994" classname="com.toolsqa.framework.tests.TestNG_001"/>
</testsuite> <!-- com.toolsqa.framework.tests.TestNG_001 -->
